<?xml version="1.0" encoding="UTF-8"?>
<testsuite xmlns:xsi="http://www.w3.org/2001/XMLSchema-instance" xsi:noNamespaceSchemaLocation="https://maven.apache.org/surefire/maven-surefire-plugin/xsd/surefire-test-report.xsd" name="rest.FlightEndPointTest" time="3.39" tests="1" errors="0" skipped="0" failures="0">
  <properties>
    <property name="sun.desktop" value="gnome"/>
    <property name="awt.toolkit" value="sun.awt.X11.XToolkit"/>
    <property name="file.encoding.pkg" value="sun.io"/>
    <property name="java.specification.version" value="1.8"/>
    <property name="sun.cpu.isalist" value=""/>
    <property name="sun.jnu.encoding" value="UTF-8"/>
    <property name="java.class.path" value="/home/rh/Documents/CA4/SYSEksamen_3sem_Backend/target/test-classes:/home/rh/Documents/CA4/SYSEksamen_3sem_Backend/target/classes:/home/rh/.m2/repository/org/eclipse/persistence/org.eclipse.persistence.jpa/2.7.7/org.eclipse.persistence.jpa-2.7.7.jar:/home/rh/.m2/repository/org/eclipse/persistence/jakarta.persistence/2.2.3/jakarta.persistence-2.2.3.jar:/home/rh/.m2/repository/org/eclipse/persistence/org.eclipse.persistence.asm/2.7.7/org.eclipse.persistence.asm-2.7.7.jar:/home/rh/.m2/repository/org/eclipse/persistence/org.eclipse.persistence.antlr/2.7.7/org.eclipse.persistence.antlr-2.7.7.jar:/home/rh/.m2/repository/org/eclipse/persistence/org.eclipse.persistence.jpa.jpql/2.7.7/org.eclipse.persistence.jpa.jpql-2.7.7.jar:/home/rh/.m2/repository/org/eclipse/persistence/org.eclipse.persistence.core/2.7.7/org.eclipse.persistence.core-2.7.7.jar:/home/rh/.m2/repository/mysql/mysql-connector-java/8.0.17/mysql-connector-java-8.0.17.jar:/home/rh/.m2/repository/com/google/protobuf/protobuf-java/3.6.1/protobuf-java-3.6.1.jar:/home/rh/.m2/repository/org/glassfish/jersey/bundles/jaxrs-ri/2.32/jaxrs-ri-2.32.jar:/home/rh/.m2/repository/org/glassfish/jersey/inject/jersey-hk2/2.32/jersey-hk2-2.32.jar:/home/rh/.m2/repository/org/glassfish/hk2/hk2-locator/2.6.1/hk2-locator-2.6.1.jar:/home/rh/.m2/repository/org/glassfish/hk2/external/aopalliance-repackaged/2.6.1/aopalliance-repackaged-2.6.1.jar:/home/rh/.m2/repository/org/glassfish/hk2/hk2-api/2.6.1/hk2-api-2.6.1.jar:/home/rh/.m2/repository/org/glassfish/hk2/hk2-utils/2.6.1/hk2-utils-2.6.1.jar:/home/rh/.m2/repository/org/javassist/javassist/3.25.0-GA/javassist-3.25.0-GA.jar:/home/rh/.m2/repository/org/glassfish/jersey/core/jersey-common/2.32/jersey-common-2.32.jar:/home/rh/.m2/repository/jakarta/annotation/jakarta.annotation-api/1.3.5/jakarta.annotation-api-1.3.5.jar:/home/rh/.m2/repository/org/glassfish/hk2/osgi-resource-locator/1.0.3/osgi-resource-locator-1.0.3.jar:/home/rh/.m2/repository/org/glassfish/jersey/media/jersey-media-jaxb/2.32/jersey-media-jaxb-2.32.jar:/home/rh/.m2/repository/org/glassfish/jersey/media/jersey-media-json-binding/2.32/jersey-media-json-binding-2.32.jar:/home/rh/.m2/repository/org/glassfish/jakarta.json/1.1.6/jakarta.json-1.1.6.jar:/home/rh/.m2/repository/org/eclipse/yasson/1.0.6/yasson-1.0.6.jar:/home/rh/.m2/repository/org/glassfish/jakarta.json/1.1.6/jakarta.json-1.1.6-module.jar:/home/rh/.m2/repository/jakarta/json/bind/jakarta.json.bind-api/1.0.2/jakarta.json.bind-api-1.0.2.jar:/home/rh/.m2/repository/jakarta/json/jakarta.json-api/1.1.6/jakarta.json-api-1.1.6.jar:/home/rh/.m2/repository/org/glassfish/jersey/core/jersey-client/2.32/jersey-client-2.32.jar:/home/rh/.m2/repository/org/glassfish/jersey/core/jersey-server/2.32/jersey-server-2.32.jar:/home/rh/.m2/repository/jakarta/validation/jakarta.validation-api/2.0.2/jakarta.validation-api-2.0.2.jar:/home/rh/.m2/repository/org/glassfish/jersey/containers/jersey-container-servlet-core/2.32/jersey-container-servlet-core-2.32.jar:/home/rh/.m2/repository/org/glassfish/jersey/containers/jersey-container-servlet/2.32/jersey-container-servlet-2.32.jar:/home/rh/.m2/repository/org/glassfish/jersey/media/jersey-media-sse/2.32/jersey-media-sse-2.32.jar:/home/rh/.m2/repository/jakarta/xml/bind/jakarta.xml.bind-api/2.3.3/jakarta.xml.bind-api-2.3.3.jar:/home/rh/.m2/repository/jakarta/activation/jakarta.activation-api/1.2.2/jakarta.activation-api-1.2.2.jar:/home/rh/.m2/repository/javax/javaee-web-api/7.0/javaee-web-api-7.0.jar:/home/rh/.m2/repository/com/google/code/gson/gson/2.8.6/gson-2.8.6.jar:/home/rh/.m2/repository/org/junit/jupiter/junit-jupiter-api/5.7.0/junit-jupiter-api-5.7.0.jar:/home/rh/.m2/repository/org/apiguardian/apiguardian-api/1.1.0/apiguardian-api-1.1.0.jar:/home/rh/.m2/repository/org/opentest4j/opentest4j/1.2.0/opentest4j-1.2.0.jar:/home/rh/.m2/repository/org/junit/platform/junit-platform-commons/1.7.0/junit-platform-commons-1.7.0.jar:/home/rh/.m2/repository/org/junit/jupiter/junit-jupiter-params/5.7.0/junit-jupiter-params-5.7.0.jar:/home/rh/.m2/repository/org/junit/jupiter/junit-jupiter-engine/5.7.0/junit-jupiter-engine-5.7.0.jar:/home/rh/.m2/repository/org/junit/platform/junit-platform-engine/1.7.0/junit-platform-engine-1.7.0.jar:/home/rh/.m2/repository/org/hamcrest/hamcrest-library/1.3/hamcrest-library-1.3.jar:/home/rh/.m2/repository/org/hamcrest/hamcrest-core/1.3/hamcrest-core-1.3.jar:/home/rh/.m2/repository/org/glassfish/jersey/containers/jersey-container-grizzly2-http/2.32/jersey-container-grizzly2-http-2.32.jar:/home/rh/.m2/repository/org/glassfish/hk2/external/jakarta.inject/2.6.1/jakarta.inject-2.6.1.jar:/home/rh/.m2/repository/org/glassfish/grizzly/grizzly-http-server/2.4.4/grizzly-http-server-2.4.4.jar:/home/rh/.m2/repository/org/glassfish/grizzly/grizzly-http/2.4.4/grizzly-http-2.4.4.jar:/home/rh/.m2/repository/org/glassfish/grizzly/grizzly-framework/2.4.4/grizzly-framework-2.4.4.jar:/home/rh/.m2/repository/jakarta/ws/rs/jakarta.ws.rs-api/2.1.6/jakarta.ws.rs-api-2.1.6.jar:/home/rh/.m2/repository/io/rest-assured/rest-assured/4.3.1/rest-assured-4.3.1.jar:/home/rh/.m2/repository/org/codehaus/groovy/groovy/3.0.3/groovy-3.0.3.jar:/home/rh/.m2/repository/org/codehaus/groovy/groovy-xml/3.0.3/groovy-xml-3.0.3.jar:/home/rh/.m2/repository/org/apache/httpcomponents/httpclient/4.5.3/httpclient-4.5.3.jar:/home/rh/.m2/repository/org/apache/httpcomponents/httpcore/4.4.6/httpcore-4.4.6.jar:/home/rh/.m2/repository/commons-logging/commons-logging/1.2/commons-logging-1.2.jar:/home/rh/.m2/repository/commons-codec/commons-codec/1.9/commons-codec-1.9.jar:/home/rh/.m2/repository/org/apache/httpcomponents/httpmime/4.5.3/httpmime-4.5.3.jar:/home/rh/.m2/repository/org/hamcrest/hamcrest/2.1/hamcrest-2.1.jar:/home/rh/.m2/repository/org/ccil/cowan/tagsoup/tagsoup/1.2.1/tagsoup-1.2.1.jar:/home/rh/.m2/repository/io/rest-assured/json-path/4.3.1/json-path-4.3.1.jar:/home/rh/.m2/repository/org/codehaus/groovy/groovy-json/3.0.3/groovy-json-3.0.3.jar:/home/rh/.m2/repository/io/rest-assured/rest-assured-common/4.3.1/rest-assured-common-4.3.1.jar:/home/rh/.m2/repository/io/rest-assured/xml-path/4.3.1/xml-path-4.3.1.jar:/home/rh/.m2/repository/org/apache/commons/commons-lang3/3.4/commons-lang3-3.4.jar:/home/rh/.m2/repository/com/sun/xml/bind/jaxb-impl/2.3.3/jaxb-impl-2.3.3.jar:/home/rh/.m2/repository/com/nimbusds/nimbus-jose-jwt/9.0.1/nimbus-jose-jwt-9.0.1.jar:/home/rh/.m2/repository/com/github/stephenc/jcip/jcip-annotations/1.0-1/jcip-annotations-1.0-1.jar:/home/rh/.m2/repository/org/mindrot/jbcrypt/0.4/jbcrypt-0.4.jar:"/>
    <property name="java.vm.vendor" value="Private Build"/>
    <property name="sun.arch.data.model" value="64"/>
    <property name="java.vendor.url" value="http://java.oracle.com/"/>
    <property name="user.timezone" value=""/>
    <property name="java.vm.specification.version" value="1.8"/>
    <property name="os.name" value="Linux"/>
    <property name="sun.java.launcher" value="SUN_STANDARD"/>
    <property name="user.country" value="US"/>
    <property name="sun.boot.library.path" value="/usr/lib/jvm/java-8-openjdk-amd64/jre/lib/amd64"/>
    <property name="sun.java.command" value="/home/rh/Documents/CA4/SYSEksamen_3sem_Backend/target/surefire/surefirebooter8999015819358583444.jar /home/rh/Documents/CA4/SYSEksamen_3sem_Backend/target/surefire 2020-11-25T22-18-32_315-jvmRun1 surefire8422438010478896913tmp surefire_05816848927840208338tmp"/>
    <property name="test" value="rest.FlightEndPointTest"/>
    <property name="surefire.test.class.path" value="/home/rh/Documents/CA4/SYSEksamen_3sem_Backend/target/test-classes:/home/rh/Documents/CA4/SYSEksamen_3sem_Backend/target/classes:/home/rh/.m2/repository/org/eclipse/persistence/org.eclipse.persistence.jpa/2.7.7/org.eclipse.persistence.jpa-2.7.7.jar:/home/rh/.m2/repository/org/eclipse/persistence/jakarta.persistence/2.2.3/jakarta.persistence-2.2.3.jar:/home/rh/.m2/repository/org/eclipse/persistence/org.eclipse.persistence.asm/2.7.7/org.eclipse.persistence.asm-2.7.7.jar:/home/rh/.m2/repository/org/eclipse/persistence/org.eclipse.persistence.antlr/2.7.7/org.eclipse.persistence.antlr-2.7.7.jar:/home/rh/.m2/repository/org/eclipse/persistence/org.eclipse.persistence.jpa.jpql/2.7.7/org.eclipse.persistence.jpa.jpql-2.7.7.jar:/home/rh/.m2/repository/org/eclipse/persistence/org.eclipse.persistence.core/2.7.7/org.eclipse.persistence.core-2.7.7.jar:/home/rh/.m2/repository/mysql/mysql-connector-java/8.0.17/mysql-connector-java-8.0.17.jar:/home/rh/.m2/repository/com/google/protobuf/protobuf-java/3.6.1/protobuf-java-3.6.1.jar:/home/rh/.m2/repository/org/glassfish/jersey/bundles/jaxrs-ri/2.32/jaxrs-ri-2.32.jar:/home/rh/.m2/repository/org/glassfish/jersey/inject/jersey-hk2/2.32/jersey-hk2-2.32.jar:/home/rh/.m2/repository/org/glassfish/hk2/hk2-locator/2.6.1/hk2-locator-2.6.1.jar:/home/rh/.m2/repository/org/glassfish/hk2/external/aopalliance-repackaged/2.6.1/aopalliance-repackaged-2.6.1.jar:/home/rh/.m2/repository/org/glassfish/hk2/hk2-api/2.6.1/hk2-api-2.6.1.jar:/home/rh/.m2/repository/org/glassfish/hk2/hk2-utils/2.6.1/hk2-utils-2.6.1.jar:/home/rh/.m2/repository/org/javassist/javassist/3.25.0-GA/javassist-3.25.0-GA.jar:/home/rh/.m2/repository/org/glassfish/jersey/core/jersey-common/2.32/jersey-common-2.32.jar:/home/rh/.m2/repository/jakarta/annotation/jakarta.annotation-api/1.3.5/jakarta.annotation-api-1.3.5.jar:/home/rh/.m2/repository/org/glassfish/hk2/osgi-resource-locator/1.0.3/osgi-resource-locator-1.0.3.jar:/home/rh/.m2/repository/org/glassfish/jersey/media/jersey-media-jaxb/2.32/jersey-media-jaxb-2.32.jar:/home/rh/.m2/repository/org/glassfish/jersey/media/jersey-media-json-binding/2.32/jersey-media-json-binding-2.32.jar:/home/rh/.m2/repository/org/glassfish/jakarta.json/1.1.6/jakarta.json-1.1.6.jar:/home/rh/.m2/repository/org/eclipse/yasson/1.0.6/yasson-1.0.6.jar:/home/rh/.m2/repository/org/glassfish/jakarta.json/1.1.6/jakarta.json-1.1.6-module.jar:/home/rh/.m2/repository/jakarta/json/bind/jakarta.json.bind-api/1.0.2/jakarta.json.bind-api-1.0.2.jar:/home/rh/.m2/repository/jakarta/json/jakarta.json-api/1.1.6/jakarta.json-api-1.1.6.jar:/home/rh/.m2/repository/org/glassfish/jersey/core/jersey-client/2.32/jersey-client-2.32.jar:/home/rh/.m2/repository/org/glassfish/jersey/core/jersey-server/2.32/jersey-server-2.32.jar:/home/rh/.m2/repository/jakarta/validation/jakarta.validation-api/2.0.2/jakarta.validation-api-2.0.2.jar:/home/rh/.m2/repository/org/glassfish/jersey/containers/jersey-container-servlet-core/2.32/jersey-container-servlet-core-2.32.jar:/home/rh/.m2/repository/org/glassfish/jersey/containers/jersey-container-servlet/2.32/jersey-container-servlet-2.32.jar:/home/rh/.m2/repository/org/glassfish/jersey/media/jersey-media-sse/2.32/jersey-media-sse-2.32.jar:/home/rh/.m2/repository/jakarta/xml/bind/jakarta.xml.bind-api/2.3.3/jakarta.xml.bind-api-2.3.3.jar:/home/rh/.m2/repository/jakarta/activation/jakarta.activation-api/1.2.2/jakarta.activation-api-1.2.2.jar:/home/rh/.m2/repository/javax/javaee-web-api/7.0/javaee-web-api-7.0.jar:/home/rh/.m2/repository/com/google/code/gson/gson/2.8.6/gson-2.8.6.jar:/home/rh/.m2/repository/org/junit/jupiter/junit-jupiter-api/5.7.0/junit-jupiter-api-5.7.0.jar:/home/rh/.m2/repository/org/apiguardian/apiguardian-api/1.1.0/apiguardian-api-1.1.0.jar:/home/rh/.m2/repository/org/opentest4j/opentest4j/1.2.0/opentest4j-1.2.0.jar:/home/rh/.m2/repository/org/junit/platform/junit-platform-commons/1.7.0/junit-platform-commons-1.7.0.jar:/home/rh/.m2/repository/org/junit/jupiter/junit-jupiter-params/5.7.0/junit-jupiter-params-5.7.0.jar:/home/rh/.m2/repository/org/junit/jupiter/junit-jupiter-engine/5.7.0/junit-jupiter-engine-5.7.0.jar:/home/rh/.m2/repository/org/junit/platform/junit-platform-engine/1.7.0/junit-platform-engine-1.7.0.jar:/home/rh/.m2/repository/org/hamcrest/hamcrest-library/1.3/hamcrest-library-1.3.jar:/home/rh/.m2/repository/org/hamcrest/hamcrest-core/1.3/hamcrest-core-1.3.jar:/home/rh/.m2/repository/org/glassfish/jersey/containers/jersey-container-grizzly2-http/2.32/jersey-container-grizzly2-http-2.32.jar:/home/rh/.m2/repository/org/glassfish/hk2/external/jakarta.inject/2.6.1/jakarta.inject-2.6.1.jar:/home/rh/.m2/repository/org/glassfish/grizzly/grizzly-http-server/2.4.4/grizzly-http-server-2.4.4.jar:/home/rh/.m2/repository/org/glassfish/grizzly/grizzly-http/2.4.4/grizzly-http-2.4.4.jar:/home/rh/.m2/repository/org/glassfish/grizzly/grizzly-framework/2.4.4/grizzly-framework-2.4.4.jar:/home/rh/.m2/repository/jakarta/ws/rs/jakarta.ws.rs-api/2.1.6/jakarta.ws.rs-api-2.1.6.jar:/home/rh/.m2/repository/io/rest-assured/rest-assured/4.3.1/rest-assured-4.3.1.jar:/home/rh/.m2/repository/org/codehaus/groovy/groovy/3.0.3/groovy-3.0.3.jar:/home/rh/.m2/repository/org/codehaus/groovy/groovy-xml/3.0.3/groovy-xml-3.0.3.jar:/home/rh/.m2/repository/org/apache/httpcomponents/httpclient/4.5.3/httpclient-4.5.3.jar:/home/rh/.m2/repository/org/apache/httpcomponents/httpcore/4.4.6/httpcore-4.4.6.jar:/home/rh/.m2/repository/commons-logging/commons-logging/1.2/commons-logging-1.2.jar:/home/rh/.m2/repository/commons-codec/commons-codec/1.9/commons-codec-1.9.jar:/home/rh/.m2/repository/org/apache/httpcomponents/httpmime/4.5.3/httpmime-4.5.3.jar:/home/rh/.m2/repository/org/hamcrest/hamcrest/2.1/hamcrest-2.1.jar:/home/rh/.m2/repository/org/ccil/cowan/tagsoup/tagsoup/1.2.1/tagsoup-1.2.1.jar:/home/rh/.m2/repository/io/rest-assured/json-path/4.3.1/json-path-4.3.1.jar:/home/rh/.m2/repository/org/codehaus/groovy/groovy-json/3.0.3/groovy-json-3.0.3.jar:/home/rh/.m2/repository/io/rest-assured/rest-assured-common/4.3.1/rest-assured-common-4.3.1.jar:/home/rh/.m2/repository/io/rest-assured/xml-path/4.3.1/xml-path-4.3.1.jar:/home/rh/.m2/repository/org/apache/commons/commons-lang3/3.4/commons-lang3-3.4.jar:/home/rh/.m2/repository/com/sun/xml/bind/jaxb-impl/2.3.3/jaxb-impl-2.3.3.jar:/home/rh/.m2/repository/com/nimbusds/nimbus-jose-jwt/9.0.1/nimbus-jose-jwt-9.0.1.jar:/home/rh/.m2/repository/com/github/stephenc/jcip/jcip-annotations/1.0-1/jcip-annotations-1.0-1.jar:/home/rh/.m2/repository/org/mindrot/jbcrypt/0.4/jbcrypt-0.4.jar:"/>
    <property name="sun.cpu.endian" value="little"/>
    <property name="user.home" value="/home/rh"/>
    <property name="user.language" value="en"/>
    <property name="java.specification.vendor" value="Oracle Corporation"/>
    <property name="java.home" value="/usr/lib/jvm/java-8-openjdk-amd64/jre"/>
    <property name="basedir" value="/home/rh/Documents/CA4/SYSEksamen_3sem_Backend"/>
    <property name="file.separator" value="/"/>
    <property name="line.separator" value="&#10;"/>
    <property name="java.vm.specification.vendor" value="Oracle Corporation"/>
    <property name="java.specification.name" value="Java Platform API Specification"/>
    <property name="java.awt.graphicsenv" value="sun.awt.X11GraphicsEnvironment"/>
    <property name="surefire.real.class.path" value="/home/rh/Documents/CA4/SYSEksamen_3sem_Backend/target/surefire/surefirebooter8999015819358583444.jar"/>
    <property name="sun.boot.class.path" value="/usr/lib/jvm/java-8-openjdk-amd64/jre/lib/resources.jar:/usr/lib/jvm/java-8-openjdk-amd64/jre/lib/rt.jar:/usr/lib/jvm/java-8-openjdk-amd64/jre/lib/sunrsasign.jar:/usr/lib/jvm/java-8-openjdk-amd64/jre/lib/jsse.jar:/usr/lib/jvm/java-8-openjdk-amd64/jre/lib/jce.jar:/usr/lib/jvm/java-8-openjdk-amd64/jre/lib/charsets.jar:/usr/lib/jvm/java-8-openjdk-amd64/jre/lib/jfr.jar:/usr/lib/jvm/java-8-openjdk-amd64/jre/classes"/>
    <property name="sun.management.compiler" value="HotSpot 64-Bit Tiered Compilers"/>
    <property name="java.runtime.version" value="1.8.0_275-8u275-b01-0ubuntu1~20.10-b01"/>
    <property name="user.name" value="rh"/>
    <property name="path.separator" value=":"/>
    <property name="os.version" value="5.8.0-7625-generic"/>
    <property name="java.endorsed.dirs" value="/usr/lib/jvm/java-8-openjdk-amd64/jre/lib/endorsed"/>
    <property name="java.runtime.name" value="OpenJDK Runtime Environment"/>
    <property name="file.encoding" value="UTF-8"/>
    <property name="java.vm.name" value="OpenJDK 64-Bit Server VM"/>
    <property name="maven.ext.class.path" value="/home/rh/netbeans-12.0/netbeans/java/maven-nblib/netbeans-eventspy.jar"/>
    <property name="localRepository" value="/home/rh/.m2/repository"/>
    <property name="java.vendor.url.bug" value="http://bugreport.sun.com/bugreport/"/>
    <property name="java.io.tmpdir" value="/tmp"/>
    <property name="java.version" value="1.8.0_275"/>
    <property name="user.dir" value="/home/rh/Documents/CA4/SYSEksamen_3sem_Backend"/>
    <property name="os.arch" value="amd64"/>
    <property name="java.vm.specification.name" value="Java Virtual Machine Specification"/>
    <property name="java.awt.printerjob" value="sun.print.PSPrinterJob"/>
    <property name="sun.os.patch.level" value="unknown"/>
    <property name="java.library.path" value="/usr/java/packages/lib/amd64:/usr/lib/x86_64-linux-gnu/jni:/lib/x86_64-linux-gnu:/usr/lib/x86_64-linux-gnu:/usr/lib/jni:/lib:/usr/lib"/>
    <property name="java.vm.info" value="mixed mode"/>
    <property name="java.vendor" value="Private Build"/>
    <property name="java.vm.version" value="25.275-b01"/>
    <property name="java.ext.dirs" value="/usr/lib/jvm/java-8-openjdk-amd64/jre/lib/ext:/usr/java/packages/lib/ext"/>
    <property name="sun.io.unicode.encoding" value="UnicodeLittle"/>
    <property name="java.class.version" value="52.0"/>
  </properties>
  <testcase name="testGetAll" classname="rest.FlightEndPointTest" time="1.151"/>
</testsuite>